This file contains any messages produced by compilers while
running configure, to aid debugging if configure makes a mistake.

It was created by configure, which was
generated by GNU Autoconf 2.67.  Invocation command line was

  $ ./configure 

## --------- ##
## Platform. ##
## --------- ##

hostname = gusions-ixtreme-M5741
uname -m = x86_64
uname -r = 2.6.35-22-generic
uname -s = Linux
uname -v = #35-Ubuntu SMP Sat Oct 16 20:45:36 UTC 2010

/usr/bin/uname -p = unknown
/bin/uname -X     = unknown

/bin/arch              = unknown
/usr/bin/arch -k       = unknown
/usr/convex/getsysinfo = unknown
/usr/bin/hostinfo      = unknown
/bin/machine           = unknown
/usr/bin/oslevel       = unknown
/bin/universe          = unknown

PATH: /usr/local/sbin
PATH: /usr/local/bin
PATH: /usr/sbin
PATH: /usr/bin
PATH: /sbin
PATH: /bin
PATH: /usr/games


## ----------- ##
## Core tests. ##
## ----------- ##

configure:1715: checking for a BSD-compatible install
configure:1783: result: /usr/bin/install -c
configure:1794: checking whether build environment is sane
configure:1844: result: yes
configure:1985: checking for a thread-safe mkdir -p
configure:2024: result: /bin/mkdir -p
configure:2037: checking for gawk
configure:2067: result: no
configure:2037: checking for mawk
configure:2053: found /usr/bin/mawk
configure:2064: result: mawk
configure:2075: checking whether make sets $(MAKE)
configure:2097: result: yes
configure:2191: checking for gambas2 binaries
configure:2199: result: Ok
configure:2205: checking for gambas2 components path
configure:2213: result: Ok
configure:2228: checking for gb.gui component
configure:2290: result: Ok
configure:2228: checking for gb.form component
configure:2290: result: Ok
configure:2228: checking for gb.compress component
configure:2290: result: Ok
configure:2228: checking for gb.desktop component
configure:2290: result: Ok
configure:2228: checking for gb.image component
configure:2290: result: Ok
configure:2441: creating ./config.status

## ---------------------- ##
## Running config.status. ##
## ---------------------- ##

This file was extended by config.status, which was
generated by GNU Autoconf 2.67.  Invocation command line was

  CONFIG_FILES    = 
  CONFIG_HEADERS  = 
  CONFIG_LINKS    = 
  CONFIG_COMMANDS = 
  $ ./config.status 

on gusions-ixtreme-M5741

config.status:752: creating Makefile

## ---------------- ##
## Cache variables. ##
## ---------------- ##

ac_cv_env_build_alias_set=
ac_cv_env_build_alias_value=
ac_cv_env_host_alias_set=
ac_cv_env_host_alias_value=
ac_cv_env_target_alias_set=
ac_cv_env_target_alias_value=
ac_cv_path_install='/usr/bin/install -c'
ac_cv_path_mkdir=/bin/mkdir
ac_cv_prog_AWK=mawk
ac_cv_prog_make_make_set=yes

## ----------------- ##
## Output variables. ##
## ----------------- ##

ACLOCAL='${SHELL} /home/gusions/Scrivania/ubucompilator-1.0/missing --run aclocal-1.11'
AMTAR='${SHELL} /home/gusions/Scrivania/ubucompilator-1.0/missing --run tar'
AUTOCONF='${SHELL} /home/gusions/Scrivania/ubucompilator-1.0/missing --run autoconf'
AUTOHEADER='${SHELL} /home/gusions/Scrivania/ubucompilator-1.0/missing --run autoheader'
AUTOMAKE='${SHELL} /home/gusions/Scrivania/ubucompilator-1.0/missing --run automake-1.11'
AWK='mawk'
COMPONENT_build=''
CYGPATH_W='echo'
DEFS='-DPACKAGE_NAME=\"\" -DPACKAGE_TARNAME=\"\" -DPACKAGE_VERSION=\"\" -DPACKAGE_STRING=\"\" -DPACKAGE_BUGREPORT=\"\" -DPACKAGE_URL=\"\" -DPACKAGE=\"Ubucompilator\" -DVERSION=\"1.0\"'
ECHO_C=''
ECHO_N='-n'
ECHO_T=''
GAMBAS_path='/usr/bin'
GBCONTROL_path='/usr/lib64/gambas2'
GBINFO_path='/usr/lib64/gambas2'
GBLIBRARY_path='/usr/lib64/gambas2'
INSTALL_DATA='${INSTALL} -m 644'
INSTALL_PROGRAM='${INSTALL}'
INSTALL_SCRIPT='${INSTALL}'
INSTALL_STRIP_PROGRAM='$(install_sh) -c -s'
LIBOBJS=''
LIBS=''
LTLIBOBJS=''
MAKEINFO='${SHELL} /home/gusions/Scrivania/ubucompilator-1.0/missing --run makeinfo'
MKDIR_P='/bin/mkdir -p'
PACKAGE='Ubucompilator'
PACKAGE_BUGREPORT=''
PACKAGE_NAME=''
PACKAGE_STRING=''
PACKAGE_TARNAME=''
PACKAGE_URL=''
PACKAGE_VERSION=''
PATH_SEPARATOR=':'
SET_MAKE=''
SHELL='/bin/bash'
STRIP=''
VERSION='1.0'
am__isrc=''
am__leading_dot='.'
am__tar='${AMTAR} chof - "$$tardir"'
am__untar='${AMTAR} xf -'
bindir='${exec_prefix}/bin'
build_alias=''
datadir='${datarootdir}'
datarootdir='${prefix}/share'
docdir='${datarootdir}/doc/${PACKAGE}'
dvidir='${docdir}'
exec_prefix='${prefix}'
host_alias=''
htmldir='${docdir}'
includedir='${prefix}/include'
infodir='${datarootdir}/info'
install_sh='${SHELL} /home/gusions/Scrivania/ubucompilator-1.0/install-sh'
libdir='${exec_prefix}/lib'
libexecdir='${exec_prefix}/libexec'
localedir='${datarootdir}/locale'
localstatedir='${prefix}/var'
mandir='${datarootdir}/man'
mkdir_p='/bin/mkdir -p'
oldincludedir='/usr/include'
pdfdir='${docdir}'
prefix='/usr/local'
program_transform_name='s,x,x,'
psdir='${docdir}'
sbindir='${exec_prefix}/sbin'
sharedstatedir='${prefix}/com'
sysconfdir='${prefix}/etc'
target_alias=''

## ----------- ##
## confdefs.h. ##
## ----------- ##

/* confdefs.h */
#define PACKAGE_NAME ""
#define PACKAGE_TARNAME ""
#define PACKAGE_VERSION ""
#define PACKAGE_STRING ""
#define PACKAGE_BUGREPORT ""
#define PACKAGE_URL ""
#define PACKAGE "Ubucompilator"
#define VERSION "1.0"

configure: exit 0
